<?xml version="1.0" encoding="UTF-8"?>
<!-- Generated by org.testng.reporters.JUnitXMLReporter -->
<testsuite ignored="0" hostname="DESKTOP-CTNIRRU" failures="0" tests="10" name="Default test" time="1.422" errors="0" timestamp="2024-08-09T08:08:02 IST">
  <testcase classname="readData_Excel.ReadDataSpreadSheet" name="testthis" time="0.014"/>
  <testcase classname="readData_Excel.ReadDataSpreadSheet" name="testthis" time="0.001"/>
  <testcase classname="readData_Excel.ReadDataSpreadSheet" name="testthis" time="0.001"/>
  <testcase classname="readData_Excel.ReadDataSpreadSheet" name="testthis" time="0.001"/>
  <testcase classname="readData_Excel.ReadDataSpreadSheet" name="testthis" time="0.001"/>
  <testcase classname="readData_Excel.ReadDataSpreadSheet" name="testthis" time="0.002"/>
  <testcase classname="readData_Excel.ReadDataSpreadSheet" name="testthis" time="0.001"/>
  <testcase classname="readData_Excel.ReadDataSpreadSheet" name="testthis" time="0.001"/>
  <testcase classname="readData_Excel.ReadDataSpreadSheet" name="testthis" time="0.001"/>
  <testcase classname="readData_Excel.ReadDataSpreadSheet" name="testthis" time="0.001"/>
</testsuite> <!-- Default test -->
