<?xml version="1.0" encoding="UTF-8"?>
<!-- Generated by org.testng.reporters.JUnitXMLReporter -->
<testsuite ignored="0" hostname="DESKTOP-CTNIRRU" failures="0" tests="7" name="Default test" time="1.229" errors="0" timestamp="2023-07-24T22:41:58 IST">
  <testcase classname="readData_Excel.ReadDataSpreadSheet" name="testthis" time="0.012"/>
  <testcase classname="readData_Excel.ReadDataSpreadSheet" name="testthis" time="0.001"/>
  <testcase classname="readData_Excel.ReadDataSpreadSheet" name="testthis" time="0.001"/>
  <testcase classname="readData_Excel.ReadDataSpreadSheet" name="testthis" time="0.001"/>
  <testcase classname="readData_Excel.ReadDataSpreadSheet" name="testthis" time="0.0"/>
  <testcase classname="readData_Excel.ReadDataSpreadSheet" name="testthis" time="0.001"/>
  <testcase classname="readData_Excel.ReadDataSpreadSheet" name="testthis" time="0.0"/>
</testsuite> <!-- Default test -->
