<?xml version="1.0" encoding="UTF-8"?>
<testng-results ignored="0" total="10" passed="10" failed="0" skipped="0">
  <reporter-output>
  </reporter-output>
  <suite started-at="2024-08-09T08:08:00 IST" name="Default suite" finished-at="2024-08-09T08:08:02 IST" duration-ms="1422">
    <groups>
    </groups>
    <test started-at="2024-08-09T08:08:00 IST" name="Default test" finished-at="2024-08-09T08:08:02 IST" duration-ms="1422">
      <class name="readData_Excel.ReadDataSpreadSheet">
        <test-method signature="testthis(java.lang.String,java.lang.String,java.lang.String,java.lang.String,java.lang.String)[pri:0, instance:readData_Excel.ReadDataSpreadSheet@40005471]" started-at="2024-08-09T08:08:02 IST" name="testthis" data-provider="hello" finished-at="2024-08-09T08:08:02 IST" duration-ms="14" status="PASS">
          <params>
            <param index="0">
              <value>
                <![CDATA[Employee ID]]>
              </value>
            </param>
            <param index="1">
              <value>
                <![CDATA[Employee Name]]>
              </value>
            </param>
            <param index="2">
              <value>
                <![CDATA[Salary]]>
              </value>
            </param>
            <param index="3">
              <value>
                <![CDATA[Designation]]>
              </value>
            </param>
            <param index="4">
              <value>
                <![CDATA[Department]]>
              </value>
            </param>
          </params>
          <reporter-output>
          </reporter-output>
        </test-method> <!-- testthis -->
        <test-method signature="testthis(java.lang.String,java.lang.String,java.lang.String,java.lang.String,java.lang.String)[pri:0, instance:readData_Excel.ReadDataSpreadSheet@40005471]" started-at="2024-08-09T08:08:02 IST" name="testthis" data-provider="hello" finished-at="2024-08-09T08:08:02 IST" duration-ms="1" status="PASS">
          <params>
            <param index="0">
              <value>
                <![CDATA[1]]>
              </value>
            </param>
            <param index="1">
              <value>
                <![CDATA[Deepak]]>
              </value>
            </param>
            <param index="2">
              <value>
                <![CDATA[200001]]>
              </value>
            </param>
            <param index="3">
              <value>
                <![CDATA[SW]]>
              </value>
            </param>
            <param index="4">
              <value>
                <![CDATA[a]]>
              </value>
            </param>
          </params>
          <reporter-output>
          </reporter-output>
        </test-method> <!-- testthis -->
        <test-method signature="testthis(java.lang.String,java.lang.String,java.lang.String,java.lang.String,java.lang.String)[pri:0, instance:readData_Excel.ReadDataSpreadSheet@40005471]" started-at="2024-08-09T08:08:02 IST" name="testthis" data-provider="hello" finished-at="2024-08-09T08:08:02 IST" duration-ms="1" status="PASS">
          <params>
            <param index="0">
              <value>
                <![CDATA[2]]>
              </value>
            </param>
            <param index="1">
              <value>
                <![CDATA[Deepak]]>
              </value>
            </param>
            <param index="2">
              <value>
                <![CDATA[200002]]>
              </value>
            </param>
            <param index="3">
              <value>
                <![CDATA[D]]>
              </value>
            </param>
            <param index="4">
              <value>
                <![CDATA[s]]>
              </value>
            </param>
          </params>
          <reporter-output>
          </reporter-output>
        </test-method> <!-- testthis -->
        <test-method signature="testthis(java.lang.String,java.lang.String,java.lang.String,java.lang.String,java.lang.String)[pri:0, instance:readData_Excel.ReadDataSpreadSheet@40005471]" started-at="2024-08-09T08:08:02 IST" name="testthis" data-provider="hello" finished-at="2024-08-09T08:08:02 IST" duration-ms="1" status="PASS">
          <params>
            <param index="0">
              <value>
                <![CDATA[3]]>
              </value>
            </param>
            <param index="1">
              <value>
                <![CDATA[Deepak]]>
              </value>
            </param>
            <param index="2">
              <value>
                <![CDATA[200003]]>
              </value>
            </param>
            <param index="3">
              <value>
                <![CDATA[G]]>
              </value>
            </param>
            <param index="4">
              <value>
                <![CDATA[g]]>
              </value>
            </param>
          </params>
          <reporter-output>
          </reporter-output>
        </test-method> <!-- testthis -->
        <test-method signature="testthis(java.lang.String,java.lang.String,java.lang.String,java.lang.String,java.lang.String)[pri:0, instance:readData_Excel.ReadDataSpreadSheet@40005471]" started-at="2024-08-09T08:08:02 IST" name="testthis" data-provider="hello" finished-at="2024-08-09T08:08:02 IST" duration-ms="1" status="PASS">
          <params>
            <param index="0">
              <value>
                <![CDATA[4]]>
              </value>
            </param>
            <param index="1">
              <value>
                <![CDATA[Deepak]]>
              </value>
            </param>
            <param index="2">
              <value>
                <![CDATA[200004]]>
              </value>
            </param>
            <param index="3">
              <value>
                <![CDATA[d]]>
              </value>
            </param>
            <param index="4">
              <value>
                <![CDATA[r]]>
              </value>
            </param>
          </params>
          <reporter-output>
          </reporter-output>
        </test-method> <!-- testthis -->
        <test-method signature="testthis(java.lang.String,java.lang.String,java.lang.String,java.lang.String,java.lang.String)[pri:0, instance:readData_Excel.ReadDataSpreadSheet@40005471]" started-at="2024-08-09T08:08:02 IST" name="testthis" data-provider="hello" finished-at="2024-08-09T08:08:02 IST" duration-ms="2" status="PASS">
          <params>
            <param index="0">
              <value>
                <![CDATA[5]]>
              </value>
            </param>
            <param index="1">
              <value>
                <![CDATA[Deepak]]>
              </value>
            </param>
            <param index="2">
              <value>
                <![CDATA[200005]]>
              </value>
            </param>
            <param index="3">
              <value>
                <![CDATA[SW]]>
              </value>
            </param>
            <param index="4">
              <value>
                <![CDATA[w]]>
              </value>
            </param>
          </params>
          <reporter-output>
          </reporter-output>
        </test-method> <!-- testthis -->
        <test-method signature="testthis(java.lang.String,java.lang.String,java.lang.String,java.lang.String,java.lang.String)[pri:0, instance:readData_Excel.ReadDataSpreadSheet@40005471]" started-at="2024-08-09T08:08:02 IST" name="testthis" data-provider="hello" finished-at="2024-08-09T08:08:02 IST" duration-ms="1" status="PASS">
          <params>
            <param index="0">
              <value>
                <![CDATA[6]]>
              </value>
            </param>
            <param index="1">
              <value>
                <![CDATA[Deepak]]>
              </value>
            </param>
            <param index="2">
              <value>
                <![CDATA[200006]]>
              </value>
            </param>
            <param index="3">
              <value>
                <![CDATA[a]]>
              </value>
            </param>
            <param index="4">
              <value>
                <![CDATA[d]]>
              </value>
            </param>
          </params>
          <reporter-output>
          </reporter-output>
        </test-method> <!-- testthis -->
        <test-method signature="testthis(java.lang.String,java.lang.String,java.lang.String,java.lang.String,java.lang.String)[pri:0, instance:readData_Excel.ReadDataSpreadSheet@40005471]" started-at="2024-08-09T08:08:02 IST" name="testthis" data-provider="hello" finished-at="2024-08-09T08:08:02 IST" duration-ms="1" status="PASS">
          <params>
            <param index="0">
              <value>
                <![CDATA[7]]>
              </value>
            </param>
            <param index="1">
              <value>
                <![CDATA[Deepak]]>
              </value>
            </param>
            <param index="2">
              <value>
                <![CDATA[200007]]>
              </value>
            </param>
            <param index="3">
              <value>
                <![CDATA[aa]]>
              </value>
            </param>
            <param index="4">
              <value>
                <![CDATA[abc]]>
              </value>
            </param>
          </params>
          <reporter-output>
          </reporter-output>
        </test-method> <!-- testthis -->
        <test-method signature="testthis(java.lang.String,java.lang.String,java.lang.String,java.lang.String,java.lang.String)[pri:0, instance:readData_Excel.ReadDataSpreadSheet@40005471]" started-at="2024-08-09T08:08:02 IST" name="testthis" data-provider="hello" finished-at="2024-08-09T08:08:02 IST" duration-ms="1" status="PASS">
          <params>
            <param index="0">
              <value>
                <![CDATA[8]]>
              </value>
            </param>
            <param index="1">
              <value>
                <![CDATA[Deepak]]>
              </value>
            </param>
            <param index="2">
              <value>
                <![CDATA[200007]]>
              </value>
            </param>
            <param index="3">
              <value>
                <![CDATA[aa]]>
              </value>
            </param>
            <param index="4">
              <value>
                <![CDATA[abc]]>
              </value>
            </param>
          </params>
          <reporter-output>
          </reporter-output>
        </test-method> <!-- testthis -->
        <test-method signature="testthis(java.lang.String,java.lang.String,java.lang.String,java.lang.String,java.lang.String)[pri:0, instance:readData_Excel.ReadDataSpreadSheet@40005471]" started-at="2024-08-09T08:08:02 IST" name="testthis" data-provider="hello" finished-at="2024-08-09T08:08:02 IST" duration-ms="1" status="PASS">
          <params>
            <param index="0">
              <value>
                <![CDATA[9]]>
              </value>
            </param>
            <param index="1">
              <value>
                <![CDATA[Deepak]]>
              </value>
            </param>
            <param index="2">
              <value>
                <![CDATA[200007]]>
              </value>
            </param>
            <param index="3">
              <value>
                <![CDATA[aa]]>
              </value>
            </param>
            <param index="4">
              <value>
                <![CDATA[abc]]>
              </value>
            </param>
          </params>
          <reporter-output>
          </reporter-output>
        </test-method> <!-- testthis -->
      </class> <!-- readData_Excel.ReadDataSpreadSheet -->
    </test> <!-- Default test -->
  </suite> <!-- Default suite -->
</testng-results>
